{
  "Cucumber Features": {
    "coverage": {
      "/Users/medhakaushika/USSF-CSCE606/app/models/user.rb": {
        "lines": [
          1,
          1,
          1,
          null
        ]
      },
      "/Users/medhakaushika/USSF-CSCE606/app/models/application_record.rb": {
        "lines": [
          1,
          1,
          null
        ]
      },
      "/Users/medhakaushika/USSF-CSCE606/app/models/run_time_object.rb": {
        "lines": [
          1,
          1,
          1,
          null
        ]
      },
      "/Users/medhakaushika/USSF-CSCE606/app/models/image.rb": {
        "lines": [
          1,
          1,
          null
        ]
      },
      "/Users/medhakaushika/USSF-CSCE606/app/controllers/sessions_controller.rb": {
        "lines": [
          1,
          1,
          null,
          1,
          1,
          1,
          null,
          null,
          null,
          1,
          9,
          0,
          0,
          null,
          null,
          9,
          9,
          7,
          7,
          7,
          7,
          null,
          null,
          9,
          9,
          9,
          null,
          0,
          null,
          null,
          null,
          1,
          2,
          null,
          null
        ]
      },
      "/Users/medhakaushika/USSF-CSCE606/app/controllers/application_controller.rb": {
        "lines": [
          1,
          null,
          1,
          null,
          1,
          null,
          1,
          null,
          1,
          null,
          null,
          null,
          40,
          null,
          null,
          1,
          null,
          null,
          33,
          null,
          null,
          1,
          null,
          22,
          0,
          null,
          null,
          null
        ]
      },
      "/Users/medhakaushika/USSF-CSCE606/app/helpers/application_helper.rb": {
        "lines": [
          1,
          null
        ]
      },
      "/Users/medhakaushika/USSF-CSCE606/app/helpers/images_helper.rb": {
        "lines": [
          1,
          null
        ]
      },
      "/Users/medhakaushika/USSF-CSCE606/app/controllers/users_controller.rb": {
        "lines": [
          1,
          1,
          14,
          14,
          14,
          null,
          null
        ]
      },
      "/Users/medhakaushika/USSF-CSCE606/app/controllers/images_controller.rb": {
        "lines": [
          1,
          1,
          null,
          null,
          1,
          0,
          null,
          null,
          null,
          null,
          null,
          null,
          null,
          1,
          3,
          3,
          3,
          null,
          null,
          null,
          1,
          2,
          2,
          null,
          null,
          null,
          1,
          null,
          null,
          null,
          null,
          null,
          null,
          null,
          null,
          null,
          null,
          null,
          null,
          null,
          null,
          1,
          2,
          2,
          null,
          null,
          2,
          null,
          null,
          2,
          2,
          null,
          2,
          2,
          null,
          0,
          null,
          null,
          null,
          null,
          null,
          1,
          0,
          0,
          0,
          0,
          null,
          0,
          0,
          null,
          null,
          null,
          null,
          null,
          1,
          0,
          null,
          0,
          0,
          0,
          null,
          null,
          null,
          1,
          null,
          1,
          3,
          null,
          null,
          null,
          null,
          1,
          2,
          null,
          null
        ]
      },
      "/Users/medhakaushika/USSF-CSCE606/app/controllers/welcome_controller.rb": {
        "lines": [
          1,
          1,
          1,
          11,
          4,
          null,
          null,
          null
        ]
      },
      "/Users/medhakaushika/USSF-CSCE606/app/channels/application_cable/channel.rb": {
        "lines": [
          null,
          null,
          null,
          null
        ],
        "branches": {
        }
      },
      "/Users/medhakaushika/USSF-CSCE606/app/channels/application_cable/connection.rb": {
        "lines": [
          null,
          null,
          null,
          null
        ],
        "branches": {
        }
      },
      "/Users/medhakaushika/USSF-CSCE606/app/jobs/application_job.rb": {
        "lines": [
          null,
          null,
          null,
          null,
          null,
          null,
          null
        ],
        "branches": {
        }
      },
      "/Users/medhakaushika/USSF-CSCE606/app/mailers/application_mailer.rb": {
        "lines": [
          null,
          null,
          null,
          null
        ],
        "branches": {
        }
      }
    },
    "timestamp": 1728084595
  },
  "RSpec": {
    "coverage": {
      "/Users/medhakaushika/USSF-CSCE606/app/helpers/application_helper.rb": {
        "lines": [
          1,
          null
        ]
      },
      "/Users/medhakaushika/USSF-CSCE606/app/helpers/images_helper.rb": {
        "lines": [
          1,
          null
        ]
      },
      "/Users/medhakaushika/USSF-CSCE606/app/controllers/images_controller.rb": {
        "lines": [
          1,
          1,
          null,
          null,
          1,
          1,
          null,
          null,
          null,
          null,
          null,
          null,
          null,
          1,
          3,
          3,
          3,
          null,
          null,
          null,
          1,
          2,
          2,
          null,
          null,
          null,
          1,
          null,
          null,
          null,
          null,
          null,
          null,
          null,
          null,
          null,
          null,
          null,
          null,
          null,
          null,
          1,
          6,
          6,
          null,
          null,
          6,
          null,
          null,
          6,
          6,
          null,
          6,
          5,
          null,
          1,
          null,
          null,
          null,
          null,
          null,
          1,
          2,
          2,
          2,
          1,
          null,
          2,
          1,
          null,
          null,
          null,
          null,
          null,
          1,
          1,
          null,
          1,
          2,
          1,
          null,
          null,
          null,
          1,
          null,
          1,
          6,
          null,
          null,
          null,
          null,
          1,
          8,
          null,
          null
        ]
      },
      "/Users/medhakaushika/USSF-CSCE606/app/controllers/application_controller.rb": {
        "lines": [
          1,
          null,
          1,
          null,
          1,
          null,
          1,
          null,
          1,
          null,
          null,
          null,
          29,
          null,
          null,
          1,
          null,
          null,
          18,
          null,
          null,
          1,
          null,
          16,
          0,
          null,
          null,
          null
        ]
      },
      "/Users/medhakaushika/USSF-CSCE606/app/controllers/sessions_controller.rb": {
        "lines": [
          1,
          1,
          null,
          1,
          1,
          1,
          null,
          null,
          null,
          1,
          3,
          1,
          1,
          null,
          null,
          2,
          2,
          2,
          2,
          2,
          2,
          null,
          null,
          2,
          1,
          1,
          null,
          1,
          null,
          null,
          null,
          1,
          1,
          null,
          null
        ]
      },
      "/Users/medhakaushika/USSF-CSCE606/app/controllers/welcome_controller.rb": {
        "lines": [
          1,
          1,
          1,
          2,
          1,
          null,
          null,
          null
        ]
      },
      "/Users/medhakaushika/USSF-CSCE606/app/models/image.rb": {
        "lines": [
          1,
          1,
          null
        ]
      },
      "/Users/medhakaushika/USSF-CSCE606/app/models/application_record.rb": {
        "lines": [
          1,
          1,
          null
        ]
      },
      "/Users/medhakaushika/USSF-CSCE606/app/models/run_time_object.rb": {
        "lines": [
          1,
          1,
          1,
          null
        ]
      },
      "/Users/medhakaushika/USSF-CSCE606/app/models/user.rb": {
        "lines": [
          1,
          1,
          1,
          null
        ]
      },
      "/Users/medhakaushika/USSF-CSCE606/app/channels/application_cable/channel.rb": {
        "lines": [
          null,
          null,
          null,
          null
        ],
        "branches": {
        }
      },
      "/Users/medhakaushika/USSF-CSCE606/app/channels/application_cable/connection.rb": {
        "lines": [
          null,
          null,
          null,
          null
        ],
        "branches": {
        }
      },
      "/Users/medhakaushika/USSF-CSCE606/app/controllers/users_controller.rb": {
        "lines": [
          0,
          0,
          0,
          0,
          0,
          0,
          0
        ],
        "branches": {
        }
      },
      "/Users/medhakaushika/USSF-CSCE606/app/jobs/application_job.rb": {
        "lines": [
          null,
          null,
          null,
          null,
          null,
          null,
          null
        ],
        "branches": {
        }
      },
      "/Users/medhakaushika/USSF-CSCE606/app/mailers/application_mailer.rb": {
        "lines": [
          null,
          null,
          null,
          null
        ],
        "branches": {
        }
      }
    },
    "timestamp": 1728084851
  }
}
